  UserAccount.cpp
E:\STM32\CubeIDE\Projekty\Project_Robot_v5.0\Stock_market_simulation_C-\ProjectOne\UserAccountInvest.h(22,14): warning C4091: "typedef ": zignorowano na lewo od "State_shares" podczas gdy brak deklaracji zmiennej
  (kompilowanie pliku źródłowego „UserAccount.cpp”)
  
E:\STM32\CubeIDE\Projekty\Project_Robot_v5.0\Stock_market_simulation_C-\ProjectOne\UserAccountInvest.h(30,14): warning C4091: "typedef ": zignorowano na lewo od "State_houses" podczas gdy brak deklaracji zmiennej
  (kompilowanie pliku źródłowego „UserAccount.cpp”)
  
E:\STM32\CubeIDE\Projekty\Project_Robot_v5.0\Stock_market_simulation_C-\ProjectOne\UserAccountInvest.h(38,14): warning C4091: "typedef ": zignorowano na lewo od "State_currenties" podczas gdy brak deklaracji zmiennej
  (kompilowanie pliku źródłowego „UserAccount.cpp”)
  
E:\STM32\CubeIDE\Projekty\Project_Robot_v5.0\Stock_market_simulation_C-\ProjectOne\UserAccountInvest.h(46,14): warning C4091: "typedef ": zignorowano na lewo od "State_crypto" podczas gdy brak deklaracji zmiennej
  (kompilowanie pliku źródłowego „UserAccount.cpp”)
  
E:\STM32\CubeIDE\Projekty\Project_Robot_v5.0\Stock_market_simulation_C-\ProjectOne\game_menu.h(47,36): warning C4042: „turn”: ma złą klasę magazynu
  (kompilowanie pliku źródłowego „UserAccount.cpp”)
  
E:\STM32\CubeIDE\Projekty\Project_Robot_v5.0\Stock_market_simulation_C-\ProjectOne\UserAccount.cpp(15,21): warning C4305: "inicjowanie": obcięcie z "double" do "_Ty"
E:\STM32\CubeIDE\Projekty\Project_Robot_v5.0\Stock_market_simulation_C-\ProjectOne\UserAccount.cpp(15,21): warning C4305:         with
E:\STM32\CubeIDE\Projekty\Project_Robot_v5.0\Stock_market_simulation_C-\ProjectOne\UserAccount.cpp(15,21): warning C4305:         [
E:\STM32\CubeIDE\Projekty\Project_Robot_v5.0\Stock_market_simulation_C-\ProjectOne\UserAccount.cpp(15,21): warning C4305:             _Ty=float
E:\STM32\CubeIDE\Projekty\Project_Robot_v5.0\Stock_market_simulation_C-\ProjectOne\UserAccount.cpp(15,21): warning C4305:         ]
E:\STM32\CubeIDE\Projekty\Project_Robot_v5.0\Stock_market_simulation_C-\ProjectOne\UserAccount.cpp(15,33): warning C4305: "inicjowanie": obcięcie z "double" do "_Ty"
E:\STM32\CubeIDE\Projekty\Project_Robot_v5.0\Stock_market_simulation_C-\ProjectOne\UserAccount.cpp(15,33): warning C4305:         with
E:\STM32\CubeIDE\Projekty\Project_Robot_v5.0\Stock_market_simulation_C-\ProjectOne\UserAccount.cpp(15,33): warning C4305:         [
E:\STM32\CubeIDE\Projekty\Project_Robot_v5.0\Stock_market_simulation_C-\ProjectOne\UserAccount.cpp(15,33): warning C4305:             _Ty=float
E:\STM32\CubeIDE\Projekty\Project_Robot_v5.0\Stock_market_simulation_C-\ProjectOne\UserAccount.cpp(15,33): warning C4305:         ]
E:\STM32\CubeIDE\Projekty\Project_Robot_v5.0\Stock_market_simulation_C-\ProjectOne\UserAccount.cpp(16,23): warning C4305: "inicjowanie": obcięcie z "double" do "_Ty"
E:\STM32\CubeIDE\Projekty\Project_Robot_v5.0\Stock_market_simulation_C-\ProjectOne\UserAccount.cpp(16,23): warning C4305:         with
E:\STM32\CubeIDE\Projekty\Project_Robot_v5.0\Stock_market_simulation_C-\ProjectOne\UserAccount.cpp(16,23): warning C4305:         [
E:\STM32\CubeIDE\Projekty\Project_Robot_v5.0\Stock_market_simulation_C-\ProjectOne\UserAccount.cpp(16,23): warning C4305:             _Ty=float
E:\STM32\CubeIDE\Projekty\Project_Robot_v5.0\Stock_market_simulation_C-\ProjectOne\UserAccount.cpp(16,23): warning C4305:         ]
E:\STM32\CubeIDE\Projekty\Project_Robot_v5.0\Stock_market_simulation_C-\ProjectOne\UserAccount.cpp(16,29): warning C4305: "inicjowanie": obcięcie z "double" do "_Ty"
E:\STM32\CubeIDE\Projekty\Project_Robot_v5.0\Stock_market_simulation_C-\ProjectOne\UserAccount.cpp(16,29): warning C4305:         with
E:\STM32\CubeIDE\Projekty\Project_Robot_v5.0\Stock_market_simulation_C-\ProjectOne\UserAccount.cpp(16,29): warning C4305:         [
E:\STM32\CubeIDE\Projekty\Project_Robot_v5.0\Stock_market_simulation_C-\ProjectOne\UserAccount.cpp(16,29): warning C4305:             _Ty=float
E:\STM32\CubeIDE\Projekty\Project_Robot_v5.0\Stock_market_simulation_C-\ProjectOne\UserAccount.cpp(16,29): warning C4305:         ]
E:\STM32\CubeIDE\Projekty\Project_Robot_v5.0\Stock_market_simulation_C-\ProjectOne\UserAccount.cpp(147,37): warning C4101: "e": lokalna zmienna, do której nie istnieje odwołanie
C:\Program Files\Microsoft Visual Studio\2022\Community\VC\Tools\MSVC\14.42.34433\include\utility(263,54): warning C4244: "inicjowanie": konwersja z "_Ty" do "_Ty2", możliwa utrata danych
C:\Program Files\Microsoft Visual Studio\2022\Community\VC\Tools\MSVC\14.42.34433\include\utility(263,54): warning C4244:         with
C:\Program Files\Microsoft Visual Studio\2022\Community\VC\Tools\MSVC\14.42.34433\include\utility(263,54): warning C4244:         [
C:\Program Files\Microsoft Visual Studio\2022\Community\VC\Tools\MSVC\14.42.34433\include\utility(263,54): warning C4244:             _Ty=double
C:\Program Files\Microsoft Visual Studio\2022\Community\VC\Tools\MSVC\14.42.34433\include\utility(263,54): warning C4244:         ]
C:\Program Files\Microsoft Visual Studio\2022\Community\VC\Tools\MSVC\14.42.34433\include\utility(263,54): warning C4244:         and
C:\Program Files\Microsoft Visual Studio\2022\Community\VC\Tools\MSVC\14.42.34433\include\utility(263,54): warning C4244:         [
C:\Program Files\Microsoft Visual Studio\2022\Community\VC\Tools\MSVC\14.42.34433\include\utility(263,54): warning C4244:             _Ty2=float
C:\Program Files\Microsoft Visual Studio\2022\Community\VC\Tools\MSVC\14.42.34433\include\utility(263,54): warning C4244:         ]
  (kompilowanie pliku źródłowego „UserAccount.cpp”)
      C:\Program Files\Microsoft Visual Studio\2022\Community\VC\Tools\MSVC\14.42.34433\include\utility(263,54):
      kontekst tworzenia wystąpienia szablonu (najpierw najstarszy) to
          E:\STM32\CubeIDE\Projekty\Project_Robot_v5.0\Stock_market_simulation_C-\ProjectOne\UserAccount.h(59,9):
          zobacz odwołanie do kompilowanego tworzenia wystąpienia „std::pair<const std::string,float>::pair<const char(&)[6],double,0>(_Other1,_Other2 &&) noexcept(false)” funkcji szablon
          with
          [
              _Other1=const char (&)[6],
              _Other2=double
          ]
              E:\STM32\CubeIDE\Projekty\Project_Robot_v5.0\Stock_market_simulation_C-\ProjectOne\UserAccount.h(58,5):
              zobacz pierwsze odwołanie do elementu „std::pair<const std::string,float>::pair” w „UserAccount::UserAccount”
  
C:\Program Files\Microsoft Visual Studio\2022\Community\VC\Tools\MSVC\14.42.34433\include\utility(263,54): warning C4244: "inicjowanie": konwersja z "_Ty" do "_Ty2", możliwa utrata danych
C:\Program Files\Microsoft Visual Studio\2022\Community\VC\Tools\MSVC\14.42.34433\include\utility(263,54): warning C4244:         with
C:\Program Files\Microsoft Visual Studio\2022\Community\VC\Tools\MSVC\14.42.34433\include\utility(263,54): warning C4244:         [
C:\Program Files\Microsoft Visual Studio\2022\Community\VC\Tools\MSVC\14.42.34433\include\utility(263,54): warning C4244:             _Ty=int
C:\Program Files\Microsoft Visual Studio\2022\Community\VC\Tools\MSVC\14.42.34433\include\utility(263,54): warning C4244:         ]
C:\Program Files\Microsoft Visual Studio\2022\Community\VC\Tools\MSVC\14.42.34433\include\utility(263,54): warning C4244:         and
C:\Program Files\Microsoft Visual Studio\2022\Community\VC\Tools\MSVC\14.42.34433\include\utility(263,54): warning C4244:         [
C:\Program Files\Microsoft Visual Studio\2022\Community\VC\Tools\MSVC\14.42.34433\include\utility(263,54): warning C4244:             _Ty2=float
C:\Program Files\Microsoft Visual Studio\2022\Community\VC\Tools\MSVC\14.42.34433\include\utility(263,54): warning C4244:         ]
  (kompilowanie pliku źródłowego „UserAccount.cpp”)
      C:\Program Files\Microsoft Visual Studio\2022\Community\VC\Tools\MSVC\14.42.34433\include\utility(263,54):
      kontekst tworzenia wystąpienia szablonu (najpierw najstarszy) to
          E:\STM32\CubeIDE\Projekty\Project_Robot_v5.0\Stock_market_simulation_C-\ProjectOne\UserAccount.cpp(30,5):
          zobacz odwołanie do kompilowanego tworzenia wystąpienia „std::pair<const std::string,float>::pair<const char(&)[11],int,0>(_Other1,_Other2 &&) noexcept(false)” funkcji szablon
          with
          [
              _Other1=const char (&)[11],
              _Other2=int
          ]
              E:\STM32\CubeIDE\Projekty\Project_Robot_v5.0\Stock_market_simulation_C-\ProjectOne\UserAccount.cpp(23,1):
              zobacz pierwsze odwołanie do elementu „std::pair<const std::string,float>::pair” w „void __cdecl `dynamic initializer for 'course_assets''(void)”
  
  Trwa generowanie kodu
  Previous IPDB was built with incompatible compiler, fall back to full compilation.
  All 2000 functions were compiled because no usable IPDB/IOBJ from previous compilation was found.
  Zakończono generowanie kodu
  ProjectOne.vcxproj -> E:\STM32\CubeIDE\Projekty\Project_Robot_v5.0\Stock_market_simulation_C-\ProjectOne\x64\Release\ProjectOne.exe
